<?xml version="1.0" encoding="UTF-8"?>
<!-- Generated by org.testng.reporters.JUnitReportReporter -->
<testsuite hostname="DESKTOP-6DRSD6U" failures="0" tests="1" name="testRunner.MyTestRunner" time="38.158" errors="0" timestamp="2025-09-07T22:56:37 IST" skipped="0">
  <testcase classname="testRunner.MyTestRunner" name="runScenario" time="38.158"/>
</testsuite> <!-- testRunner.MyTestRunner -->
