<?xml version="1.0" encoding="UTF-8"?>
<!-- Generated by org.testng.reporters.JUnitReportReporter -->
<testsuite hostname="DESKTOP-6DRSD6U" failures="0" tests="1" name="com.wiprojuly.testng.ProductDetailsAndCart" time="8.738" errors="0" timestamp="2025-09-08T00:06:48 IST" skipped="0">
  <testcase classname="com.wiprojuly.testng.ProductDetailsAndCart" name="addMacBookAirToCart" time="8.738"/>
</testsuite> <!-- com.wiprojuly.testng.ProductDetailsAndCart -->
