<?xml version="1.0" encoding="UTF-8"?>
<!-- Generated by org.testng.reporters.JUnitReportReporter -->
<testsuite hostname="DESKTOP-6DRSD6U" failures="0" tests="1" name="com.wiprojuly.testng.ProductDetailsAndCart" time="8.833" errors="0" timestamp="2025-09-06T14:46:56 IST" skipped="0">
  <testcase classname="com.wiprojuly.testng.ProductDetailsAndCart" name="addMacBookAirToCart" time="8.833"/>
</testsuite> <!-- com.wiprojuly.testng.ProductDetailsAndCart -->
