<?xml version="1.0" encoding="UTF-8"?>
<!-- Generated by org.testng.reporters.JUnitReportReporter -->
<testsuite hostname="DESKTOP-6DRSD6U" failures="0" tests="2" name="com.wiprojuly.testng.UserAccountManagement" time="14.304" errors="0" timestamp="2025-09-06T14:46:56 IST" skipped="0">
  <testcase classname="com.wiprojuly.testng.UserAccountManagement" name="login" time="11.698"/>
  <testcase classname="com.wiprojuly.testng.UserAccountManagement" name="verifyNoForgotPassword" time="2.606"/>
</testsuite> <!-- com.wiprojuly.testng.UserAccountManagement -->
