<?xml version="1.0" encoding="UTF-8"?>
<!-- Generated by org.testng.reporters.JUnitReportReporter -->
<testsuite hostname="DESKTOP-6DRSD6U" failures="0" tests="1" name="com.wiprojuly.testng.CheckoutProcess" time="16.365" errors="0" timestamp="2025-09-06T14:46:56 IST" skipped="0">
  <testcase classname="com.wiprojuly.testng.CheckoutProcess" name="checkoutOrder" time="16.365"/>
</testsuite> <!-- com.wiprojuly.testng.CheckoutProcess -->
