<?xml version="1.0" encoding="UTF-8"?>
<!-- Generated by org.testng.reporters.JUnitReportReporter -->
<testsuite hostname="DESKTOP-6DRSD6U" failures="0" tests="2" name="com.wiprojuly.testng.UserAccountManagement" time="14.282" errors="0" timestamp="2025-09-08T00:06:48 IST" skipped="0">
  <testcase classname="com.wiprojuly.testng.UserAccountManagement" name="login" time="10.986"/>
  <testcase classname="com.wiprojuly.testng.UserAccountManagement" name="verifyNoForgotPassword" time="3.296"/>
</testsuite> <!-- com.wiprojuly.testng.UserAccountManagement -->
