<?xml version="1.0" encoding="UTF-8"?>
<!-- Generated by org.testng.reporters.JUnitReportReporter -->
<testsuite hostname="DESKTOP-6DRSD6U" failures="0" tests="2" name="com.wiprojuly.testng.TestNGGroups" time="0.013" errors="0" timestamp="2025-08-27T22:28:14 IST" skipped="0">
  <testcase classname="com.wiprojuly.testng.TestNGGroups" name="testcase1" time="0.011"/>
  <testcase classname="com.wiprojuly.testng.TestNGGroups" name="testcase3" time="0.002"/>
</testsuite> <!-- com.wiprojuly.testng.TestNGGroups -->
