<?xml version="1.0" encoding="UTF-8"?>
<!-- Generated by org.testng.reporters.JUnitReportReporter -->
<testsuite hostname="DESKTOP-6DRSD6U" failures="0" tests="6" name="com.wiprojuly.testng.Aaaa" time="38.718" errors="0" timestamp="2025-08-19T16:13:35 IST" skipped="0">
  <testcase classname="com.wiprojuly.testng.Aaaa" name="positiveLoginTest" time="13.548"/>
  <testcase classname="com.wiprojuly.testng.Aaaa" name="testcase3" time="0.003"/>
  <testcase classname="com.wiprojuly.testng.Aaaa" name="negativePasswordTest" time="12.393"/>
  <testcase classname="com.wiprojuly.testng.Aaaa" name="testcase1" time="0.002"/>
  <testcase classname="com.wiprojuly.testng.Aaaa" name="testcase2" time="0.002"/>
  <testcase classname="com.wiprojuly.testng.Aaaa" name="negativeUsernameTest" time="12.770"/>
</testsuite> <!-- com.wiprojuly.testng.Aaaa -->
