<?xml version="1.0" encoding="UTF-8"?>
<!-- Generated by org.testng.reporters.JUnitReportReporter -->
<testsuite hostname="DESKTOP-6DRSD6U" failures="0" tests="1" name="com.wiprojuly.testng.TestNGParameterization" time="6.820" errors="0" timestamp="2025-08-27T22:22:04 IST" skipped="0">
  <testcase classname="com.wiprojuly.testng.TestNGParameterization" name="testparameters" time="6.820"/>
</testsuite> <!-- com.wiprojuly.testng.TestNGParameterization -->
