<?xml version="1.0" encoding="UTF-8"?>
<!-- Generated by org.testng.reporters.JUnitReportReporter -->
<testsuite hostname="DESKTOP-6DRSD6U" failures="0" tests="4" name="com.wiprojuly.testng.FirstTestNG" time="34.686" errors="0" timestamp="2025-08-27T20:57:45 IST" skipped="0">
  <testcase classname="com.wiprojuly.testng.FirstTestNG" name="radiobuttons" time="5.171"/>
  <testcase classname="com.wiprojuly.testng.FirstTestNG" name="testdragdrop" time="5.845"/>
  <testcase classname="com.wiprojuly.testng.FirstTestNG" name="testcheckbox" time="5.203"/>
  <testcase classname="com.wiprojuly.testng.FirstTestNG" name="testalerts" time="18.467"/>
</testsuite> <!-- com.wiprojuly.testng.FirstTestNG -->
