<?xml version="1.0" encoding="UTF-8"?>
<!-- Generated by org.testng.reporters.JUnitReportReporter -->
<testsuite hostname="DESKTOP-6DRSD6U" failures="0" tests="3" name="com.wiprojuly.testng.TestNGDataProviders" time="36.197" errors="0" timestamp="2025-08-28T00:28:05 IST" skipped="0">
  <testcase classname="com.wiprojuly.testng.TestNGDataProviders" name="loginTest1" time="12.721"/>
  <testcase classname="com.wiprojuly.testng.TestNGDataProviders" name="loginTest1" time="11.957"/>
  <testcase classname="com.wiprojuly.testng.TestNGDataProviders" name="loginTest1" time="11.519"/>
</testsuite> <!-- com.wiprojuly.testng.TestNGDataProviders -->
