<?xml version="1.0" encoding="UTF-8"?>
<!-- Generated by org.testng.reporters.JUnitReportReporter -->
<testsuite hostname="DESKTOP-6DRSD6U" failures="0" tests="1" name="com.wiprojuly.javasdet.Lab4_ShoppingCart" time="18.683" errors="0" timestamp="2025-08-27T23:12:05 IST" skipped="0">
  <testcase classname="com.wiprojuly.javasdet.Lab4_ShoppingCart" name="shoppingFlow" time="18.683"/>
</testsuite> <!-- com.wiprojuly.javasdet.Lab4_ShoppingCart -->
