<?xml version="1.0" encoding="UTF-8"?>
<!-- Generated by org.testng.reporters.JUnitReportReporter -->
<testsuite hostname="DESKTOP-6DRSD6U" failures="0" tests="2" name="com.wiprojuly.testng.TestNGDependency" time="17.595" errors="0" timestamp="2025-08-27T21:13:13 IST" skipped="0">
  <testcase classname="com.wiprojuly.testng.TestNGDependency" name="login" time="12.918"/>
  <testcase classname="com.wiprojuly.testng.TestNGDependency" name="testcheckbox" time="4.677"/>
</testsuite> <!-- com.wiprojuly.testng.TestNGDependency -->
