<?xml version="1.0" encoding="UTF-8"?>
<!-- Generated by org.testng.reporters.JUnitReportReporter -->
<testsuite hostname="DESKTOP-6DRSD6U" failures="0" tests="1" name="com.wiprojuly.testng.TestNG_ListenerTestcase" time="12.578" errors="0" timestamp="2025-08-28T01:03:43 IST" skipped="0">
  <testcase classname="com.wiprojuly.testng.TestNG_ListenerTestcase" name="testlogin" time="12.578"/>
</testsuite> <!-- com.wiprojuly.testng.TestNG_ListenerTestcase -->
