<?xml version="1.0" encoding="UTF-8"?>
<!-- Generated by org.testng.reporters.JUnitReportReporter -->
<testsuite hostname="DESKTOP-6DRSD6U" failures="0" tests="3" name="com.wiprojuly.testng.TestNGAnnotations" time="0.013" errors="0" timestamp="2025-08-28T00:25:53 IST" skipped="0">
  <testcase classname="com.wiprojuly.testng.TestNGAnnotations" name="testcase2" time="0.006"/>
  <testcase classname="com.wiprojuly.testng.TestNGAnnotations" name="testcase3" time="0.001"/>
  <testcase classname="com.wiprojuly.testng.TestNGAnnotations" name="testcase1" time="0.006"/>
</testsuite> <!-- com.wiprojuly.testng.TestNGAnnotations -->
