<?xml version="1.0" encoding="UTF-8"?>
<!-- Generated by org.testng.reporters.JUnitReportReporter -->
<testsuite hostname="DESKTOP-6DRSD6U" failures="0" tests="1" name="com.wiprojuly.testng.TestNGSoftAssertion" time="12.821" errors="0" timestamp="2025-08-28T00:35:28 IST" skipped="0">
  <testcase classname="com.wiprojuly.testng.TestNGSoftAssertion" name="testlogin" time="12.821"/>
</testsuite> <!-- com.wiprojuly.testng.TestNGSoftAssertion -->
