<?xml version="1.0" encoding="UTF-8"?>
<!-- Generated by org.testng.reporters.JUnitReportReporter -->
<testsuite hostname="DESKTOP-6DRSD6U" failures="0" tests="1" name="com.wiprojuly.fetchfromdatabase.TestDatabaseFetch" time="51.342" errors="0" timestamp="2025-08-29T11:52:12 IST" skipped="0">
  <testcase classname="com.wiprojuly.fetchfromdatabase.TestDatabaseFetch" name="readfromDBTest" time="51.342"/>
</testsuite> <!-- com.wiprojuly.fetchfromdatabase.TestDatabaseFetch -->
