<?xml version="1.0" encoding="UTF-8"?>
<!-- Generated by org.testng.reporters.JUnitReportReporter -->
<testsuite hostname="DESKTOP-6DRSD6U" failures="0" tests="2" name="com.wiprojuly.testng.TestNGTestcase" time="16.738" errors="0" timestamp="2025-08-27T21:06:21 IST" skipped="0">
  <testcase classname="com.wiprojuly.testng.TestNGTestcase" name="login" time="12.027"/>
  <testcase classname="com.wiprojuly.testng.TestNGTestcase" name="launchbrowser" time="4.711"/>
</testsuite> <!-- com.wiprojuly.testng.TestNGTestcase -->
