<?xml version="1.0" encoding="UTF-8"?>
<!-- Generated by org.testng.reporters.JUnitReportReporter -->
<testsuite hostname="DESKTOP-6DRSD6U" failures="0" tests="2" name="com.wiprojuly.testng.TestNGSkipTestcases" time="12.846" errors="0" timestamp="2025-08-27T21:14:12 IST" skipped="1">
  <testcase classname="com.wiprojuly.testng.TestNGSkipTestcases" name="login" time="12.846"/>
  <testcase classname="com.wiprojuly.testng.TestNGSkipTestcases" name="testcheckbox">
    <skipped/>
  </testcase> <!-- testcheckbox -->
</testsuite> <!-- com.wiprojuly.testng.TestNGSkipTestcases -->
