<?xml version="1.0" encoding="UTF-8"?>
<!-- Generated by org.testng.reporters.JUnitReportReporter -->
<testsuite hostname="DESKTOP-6DRSD6U" failures="0" tests="2" name="com.wiprojuly.testng.TestNGTestcaseLogger" time="18.636" errors="0" timestamp="2025-08-29T09:45:37 IST" skipped="0">
  <testcase classname="com.wiprojuly.testng.TestNGTestcaseLogger" name="login" time="12.832"/>
  <testcase classname="com.wiprojuly.testng.TestNGTestcaseLogger" name="launchbrowser" time="5.804"/>
</testsuite> <!-- com.wiprojuly.testng.TestNGTestcaseLogger -->
