<?xml version="1.0" encoding="UTF-8"?>
<!-- Generated by org.testng.reporters.JUnitReportReporter -->
<testsuite hostname="DESKTOP-6DRSD6U" failures="0" tests="2" name="com.wiprojuly.javasdet.Lab3_LoginAutomation" time="18.196" errors="0" timestamp="2025-08-27T23:11:14 IST" skipped="0">
  <testcase classname="com.wiprojuly.javasdet.Lab3_LoginAutomation" name="invalidLogin" time="9.268"/>
  <testcase classname="com.wiprojuly.javasdet.Lab3_LoginAutomation" name="validLogin" time="8.928"/>
</testsuite> <!-- com.wiprojuly.javasdet.Lab3_LoginAutomation -->
