<?xml version="1.0" encoding="UTF-8"?>
<!-- Generated by org.testng.reporters.JUnitReportReporter -->
<testsuite hostname="DESKTOP-6DRSD6U" failures="0" tests="4" name="com.wiprojuly.testng.TestNGMultipleTestcases" time="37.963" errors="0" timestamp="2025-08-28T00:22:25 IST" skipped="0">
  <testcase classname="com.wiprojuly.testng.TestNGMultipleTestcases" name="testdragdrop" time="7.851"/>
  <testcase classname="com.wiprojuly.testng.TestNGMultipleTestcases" name="radiobuttons" time="6.195"/>
  <testcase classname="com.wiprojuly.testng.TestNGMultipleTestcases" name="testcheckbox" time="5.301"/>
  <testcase classname="com.wiprojuly.testng.TestNGMultipleTestcases" name="testalerts" time="18.616"/>
</testsuite> <!-- com.wiprojuly.testng.TestNGMultipleTestcases -->
