<?xml version="1.0" encoding="UTF-8"?>
<!-- Generated by org.testng.reporters.JUnitReportReporter -->
<testsuite hostname="DESKTOP-6DRSD6U" failures="0" tests="6" name="com.wiprojuly.testng.AllTestNG" time="37.823" errors="0" timestamp="2025-08-28T01:08:35 IST" skipped="0">
  <testcase classname="com.wiprojuly.testng.AllTestNG" name="positiveLoginTest" time="13.054"/>
  <testcase classname="com.wiprojuly.testng.AllTestNG" name="testcase3" time="0.012"/>
  <testcase classname="com.wiprojuly.testng.AllTestNG" name="negativePasswordTest" time="12.311"/>
  <testcase classname="com.wiprojuly.testng.AllTestNG" name="testcase1" time="0.002"/>
  <testcase classname="com.wiprojuly.testng.AllTestNG" name="negativeUsernameTest" time="12.444"/>
  <testcase classname="com.wiprojuly.testng.AllTestNG" name="testcase2" time="0.000"/>
</testsuite> <!-- com.wiprojuly.testng.AllTestNG -->
