<?xml version="1.0" encoding="UTF-8"?>
<!-- Generated by org.testng.reporters.JUnitReportReporter -->
<testsuite hostname="DESKTOP-6DRSD6U" failures="0" tests="2" name="com.wiprojuly.testng.TestNGGroupTest1" time="0.010" errors="0" timestamp="2025-08-27T22:45:55 IST" skipped="0">
  <testcase classname="com.wiprojuly.testng.TestNGGroupTest1" name="logoutTest" time="0.001"/>
  <testcase classname="com.wiprojuly.testng.TestNGGroupTest1" name="loginTest" time="0.009"/>
</testsuite> <!-- com.wiprojuly.testng.TestNGGroupTest1 -->
