<?xml version="1.0" encoding="UTF-8"?>
<!-- Generated by org.testng.reporters.JUnitReportReporter -->
<testsuite hostname="DESKTOP-6DRSD6U" failures="0" tests="1" name="com.wiprojuly.datadriventesting.ExcelRead" time="49.420" errors="0" timestamp="2025-08-28T01:51:14 IST" skipped="0">
  <testcase classname="com.wiprojuly.datadriventesting.ExcelRead" name="login" time="49.420"/>
</testsuite> <!-- com.wiprojuly.datadriventesting.ExcelRead -->
