<?xml version="1.0" encoding="UTF-8"?>
<!-- Generated by org.testng.reporters.JUnitReportReporter -->
<testsuite hostname="DESKTOP-6DRSD6U" failures="0" tests="1" name="com.wiprojuly.testng.TestNGHardAssertion" time="12.368" errors="0" timestamp="2025-08-28T00:34:14 IST" skipped="0">
  <testcase classname="com.wiprojuly.testng.TestNGHardAssertion" name="testlogin" time="12.368"/>
</testsuite> <!-- com.wiprojuly.testng.TestNGHardAssertion -->
