<?xml version="1.0" encoding="UTF-8"?>
<!-- Generated by org.testng.reporters.JUnitReportReporter -->
<testsuite hostname="DESKTOP-6DRSD6U" failures="0" tests="2" name="com.wiprojuly.testng.TestNGGroupTest2" time="0.011" errors="0" timestamp="2025-08-27T22:52:54 IST" skipped="0">
  <testcase classname="com.wiprojuly.testng.TestNGGroupTest2" name="createUser" time="0.010"/>
  <testcase classname="com.wiprojuly.testng.TestNGGroupTest2" name="viewUser" time="0.001"/>
</testsuite> <!-- com.wiprojuly.testng.TestNGGroupTest2 -->
