<?xml version="1.0" encoding="UTF-8"?>
<!-- Generated by org.testng.reporters.JUnitReportReporter -->
<testsuite hostname="DESKTOP-6DRSD6U" failures="0" tests="1" name="com.wiprojuly.javasdet.Lab1_FormFilling" time="17.920" errors="0" timestamp="2025-08-28T00:10:02 IST" skipped="0">
  <testcase classname="com.wiprojuly.javasdet.Lab1_FormFilling" name="fillForm" time="17.920"/>
</testsuite> <!-- com.wiprojuly.javasdet.Lab1_FormFilling -->
