<?xml version="1.0" encoding="UTF-8"?>
<!-- Generated by org.testng.reporters.JUnitReportReporter -->
<testsuite hostname="DESKTOP-6DRSD6U" failures="0" tests="1" name="com.wiprojuly.testng.TestNG_ListenerTestcase$TestNG_ListnerTestcase" time="13.432" errors="0" timestamp="2025-08-28T00:56:58 IST" skipped="0">
  <testcase classname="com.wiprojuly.testng.TestNG_ListenerTestcase$TestNG_ListnerTestcase" name="testlogin" time="13.432"/>
</testsuite> <!-- com.wiprojuly.testng.TestNG_ListenerTestcase$TestNG_ListnerTestcase -->
