<?xml version="1.0" encoding="UTF-8"?>
<!-- Generated by org.testng.reporters.JUnitReportReporter -->
<testsuite hostname="DESKTOP-6DRSD6U" failures="0" tests="1" name="com.wiprojuly.datadriventesting.ExcelWrite" time="6.263" errors="0" timestamp="2025-08-28T02:20:29 IST" skipped="0">
  <testcase classname="com.wiprojuly.datadriventesting.ExcelWrite" name="login" time="6.263"/>
</testsuite> <!-- com.wiprojuly.datadriventesting.ExcelWrite -->
