<?xml version="1.0" encoding="UTF-8"?>
<!-- Generated by org.testng.reporters.JUnitReportReporter -->
<testsuite hostname="DESKTOP-6DRSD6U" failures="0" tests="1" name="testRunner.MyTestRunner" time="38.855" errors="0" timestamp="2025-09-08T13:38:07 IST" skipped="0">
  <testcase classname="testRunner.MyTestRunner" name="runScenario" time="38.855"/>
</testsuite> <!-- testRunner.MyTestRunner -->
