<?xml version="1.0" encoding="UTF-8"?>
<!-- Generated by org.testng.reporters.JUnitReportReporter -->
<testsuite hostname="DESKTOP-6DRSD6U" failures="0" tests="1" name="com.wiprojuly.testng.ProductDetailsAndCart" time="13.031" errors="0" timestamp="2025-09-08T00:09:14 IST" skipped="0">
  <testcase classname="com.wiprojuly.testng.ProductDetailsAndCart" name="addMacBookAirToCart" time="13.031"/>
</testsuite> <!-- com.wiprojuly.testng.ProductDetailsAndCart -->
